 Consume Time：8 ms 2020-04-02 14:07:52
 Execute SQL：SELECT id,name,age,email,manager_id,create_time,update_time,version FROM user WHERE deleted=0

 Consume Time：10 ms 2020-04-02 14:25:50
 Execute SQL：SELECT id, name, age, email, manager_id, create_time, update_time, version FROM user WHERE user.manager_id = 1088248166370832385 AND deleted = 0

 Consume Time：4 ms 2020-04-02 14:30:35
 Execute SQL：INSERT INTO user (id, name, age, email, create_time, manager_id) VALUES (1245599491277557761, '新增d', 20, '1511@qq.com', '2020-04-02T14:30:35.499', 1088248166370832385)

 Consume Time：9 ms 2020-04-02 14:43:06
 Execute SQL：SELECT id, name, age, email, manager_id, create_time, update_time, version FROM user WHERE user.manager_id = 1088248166370832385 AND deleted = 0

 Consume Time：7 ms 2020-04-02 14:44:27
 Execute SQL：SELECT id,name,age,email,manager_id,create_time,update_time,version FROM user WHERE id=1087982257332887553 AND deleted=0

 Consume Time：13 ms 2020-04-02 15:26:20
 Execute SQL：SELECT id,name,age,email,manager_id,create_time,update_time,version FROM user_2020 WHERE deleted=0

 Consume Time：21 ms 2020-04-02 15:32:45
 Execute SQL：SELECT id,name,age,email,manager_id,create_time,update_time,version FROM user WHERE id=1087982257332887553 AND deleted=0

 Consume Time：14 ms 2020-04-02 16:07:54
 Execute SQL：delete fromuser

null
 Consume Time：14 ms 2020-04-02 17:29:16
 Execute SQL：delete fromuser

null
 Consume Time：11 ms 2020-04-02 17:32:13
 Execute SQL：SELECT id,name,age,email,manager_id,create_time,update_time,version FROM user_2020 WHERE deleted=0

 Consume Time：20 ms 2020-04-02 17:32:32
 Execute SQL：SELECT id,name,age,email,manager_id,create_time,update_time,version FROM user WHERE deleted=0

 Consume Time：13 ms 2020-04-02 17:40:48
 Execute SQL：delete fromuser

null
 Consume Time：23 ms 2020-04-02 17:48:26
 Execute SQL：delete from user

null
 Consume Time：3 ms 2020-04-02 17:50:07
 Execute SQL：delete from user

null
 Consume Time：3 ms 2020-04-02 17:58:39
 Execute SQL：delete from user

null
